<?xml version="1.0" encoding="UTF-8"?>
<testsuites name="TestSuiteUseXlsxFile" time="30" tests="2" failures="0" errors="0">
   <testsuite name="TestSuiteUseXlsxFile" tests="2" failures="0" errors="0" time="30" timestamp="2018-08-17 11:21:16" hostname="jessica vega - TDG-MBL-MTY0160.mshome.net" id="Test Suites/TestSuiteUseXlsxFile">
      <properties>
         <property name="deviceName" value=""/>
         <property name="devicePlatform" value=""/>
         <property name="logFolder" value="C:\\Users\\jessica vega\\git\\KatalonGitTest\\Reports\\TestSuiteUseXlsxFile\\20180817_112114"/>
         <property name="logFiles" value="C:\\Users\\jessica vega\\git\\KatalonGitTest\\Reports\\TestSuiteUseXlsxFile\\20180817_112114\\execution0.log"/>
         <property name="attachments" value=""/>
         <property name="hostName" value="jessica vega - TDG-MBL-MTY0160.mshome.net"/>
         <property name="os" value="Windows 10 64bit"/>
         <property name="katalonVersion" value="5.6.0.1"/>
         <property name="browser" value="Firefox 61.0"/>
         <property name="hostAddress" value="172.25.29.97"/>
         <property name="sessionId" value="723e380c-6c1c-4363-9dd0-68c35f35ce3c"/>
         <property name="seleniumVersion" value="3.7.1"/>
         <property name="proxyInformation" value="ProxyInformation{proxyOption=NO_PROXY, proxyServerType=HTTP, password=, proxyServerAddress=, proxyServerPort=0}"/>
         <property name="platform" value="Windows 10"/>
      </properties>
      <testcase name="Test Cases/Environments/TC1EnvUseXlsxFile" classname="Test Cases/Environments/TC1EnvUseXlsxFile" status="PASSED">
         <system-out><![CDATA[2018-08-17 11:21:16 - [TEST_CASE][PASSED] - Test Cases/Environments/TC1EnvUseXlsxFile: Test Cases/Environments/TC1EnvUseXlsxFile

2018-08-17 11:21:16 - [TEST_STEP][PASSED] - openBrowser: Browser is opened with url: ''

2018-08-17 11:21:20 - [MESSAGE][PASSED] - Browser is opened with url: ''

2018-08-17 11:21:20 - [TEST_STEP][PASSED] - navigateToUrl: Navigate to 'https://s2.demo.opensourcecms.com/orangehrm/symfony/web/index.php/auth/login' successfully

2018-08-17 11:21:22 - [MESSAGE][PASSED] - Navigate to 'https://s2.demo.opensourcecms.com/orangehrm/symfony/web/index.php/auth/login' successfully

2018-08-17 11:21:22 - [TEST_STEP][PASSED] - setText: Text 'opensourcecms' is set on object 'Object Repository/OrangeHRCRM/Page_/input_txtUsername'

2018-08-17 11:21:22 - [MESSAGE][PASSED] - Text 'opensourcecms' is set on object 'Object Repository/OrangeHRCRM/Page_/input_txtUsername'

2018-08-17 11:21:22 - [TEST_STEP][PASSED] - setText: Text 'opensourcecms' is set on object 'Object Repository/OrangeHRCRM/Page_/input_txtPassword'

2018-08-17 11:21:22 - [MESSAGE][PASSED] - Text 'opensourcecms' is set on object 'Object Repository/OrangeHRCRM/Page_/input_txtPassword'

2018-08-17 11:21:22 - [TEST_STEP][PASSED] - click: Object: 'Object Repository/OrangeHRCRM/Page_/input_Submit' is clicked on

2018-08-17 11:21:26 - [MESSAGE][PASSED] - Object: 'Object Repository/OrangeHRCRM/Page_/input_Submit' is clicked on

2018-08-17 11:21:26 - [TEST_STEP][PASSED] - click: Object: 'Object Repository/OrangeHRCRM/Page_OrangeHRM/span_Admin' is clicked on

2018-08-17 11:21:28 - [MESSAGE][PASSED] - Object: 'Object Repository/OrangeHRCRM/Page_OrangeHRM/span_Admin' is clicked on

2018-08-17 11:21:28 - [TEST_STEP][PASSED] - click: Object: 'Object Repository/OrangeHRCRM/Page_OrangeHRM/span_Recruitment' is clicked on

2018-08-17 11:21:32 - [MESSAGE][PASSED] - Object: 'Object Repository/OrangeHRCRM/Page_OrangeHRM/span_Recruitment' is clicked on

2018-08-17 11:21:32 - [TEST_STEP][PASSED] - click: Object: 'Object Repository/OrangeHRCRM/Page_OrangeHRM/a_Logout' is clicked on

2018-08-17 11:21:33 - [MESSAGE][PASSED] - Object: 'Object Repository/OrangeHRCRM/Page_OrangeHRM/a_Logout' is clicked on

2018-08-17 11:21:33 - [TEST_STEP][PASSED] - closeBrowser: Browser is closed

2018-08-17 11:21:33 - [MESSAGE][PASSED] - Browser is closed]]></system-out>
         <system-err><![CDATA[]]></system-err>
      </testcase>
      <testcase name="Test Cases/Environments/TC1EnvUseXlsxFile" classname="Test Cases/Environments/TC1EnvUseXlsxFile" status="PASSED">
         <system-out><![CDATA[2018-08-17 11:21:33 - [TEST_CASE][PASSED] - Test Cases/Environments/TC1EnvUseXlsxFile: Test Cases/Environments/TC1EnvUseXlsxFile

2018-08-17 11:21:33 - [TEST_STEP][PASSED] - openBrowser: Browser is opened with url: ''

2018-08-17 11:21:35 - [MESSAGE][PASSED] - Browser is opened with url: ''

2018-08-17 11:21:35 - [TEST_STEP][PASSED] - navigateToUrl: Navigate to 'https://s2.demo.opensourcecms.com/orangehrm/symfony/web/index.php/auth/login' successfully

2018-08-17 11:21:37 - [MESSAGE][PASSED] - Navigate to 'https://s2.demo.opensourcecms.com/orangehrm/symfony/web/index.php/auth/login' successfully

2018-08-17 11:21:37 - [TEST_STEP][PASSED] - setText: Text 'opensourcecms' is set on object 'Object Repository/OrangeHRCRM/Page_/input_txtUsername'

2018-08-17 11:21:37 - [MESSAGE][PASSED] - Text 'opensourcecms' is set on object 'Object Repository/OrangeHRCRM/Page_/input_txtUsername'

2018-08-17 11:21:37 - [TEST_STEP][PASSED] - setText: Text 'opensourcecms' is set on object 'Object Repository/OrangeHRCRM/Page_/input_txtPassword'

2018-08-17 11:21:37 - [MESSAGE][PASSED] - Text 'opensourcecms' is set on object 'Object Repository/OrangeHRCRM/Page_/input_txtPassword'

2018-08-17 11:21:37 - [TEST_STEP][PASSED] - click: Object: 'Object Repository/OrangeHRCRM/Page_/input_Submit' is clicked on

2018-08-17 11:21:40 - [MESSAGE][PASSED] - Object: 'Object Repository/OrangeHRCRM/Page_/input_Submit' is clicked on

2018-08-17 11:21:40 - [TEST_STEP][PASSED] - click: Object: 'Object Repository/OrangeHRCRM/Page_OrangeHRM/span_Admin' is clicked on

2018-08-17 11:21:43 - [MESSAGE][PASSED] - Object: 'Object Repository/OrangeHRCRM/Page_OrangeHRM/span_Admin' is clicked on

2018-08-17 11:21:43 - [TEST_STEP][PASSED] - click: Object: 'Object Repository/OrangeHRCRM/Page_OrangeHRM/span_Recruitment' is clicked on

2018-08-17 11:21:45 - [MESSAGE][PASSED] - Object: 'Object Repository/OrangeHRCRM/Page_OrangeHRM/span_Recruitment' is clicked on

2018-08-17 11:21:45 - [TEST_STEP][PASSED] - click: Object: 'Object Repository/OrangeHRCRM/Page_OrangeHRM/a_Logout' is clicked on

2018-08-17 11:21:46 - [MESSAGE][PASSED] - Object: 'Object Repository/OrangeHRCRM/Page_OrangeHRM/a_Logout' is clicked on

2018-08-17 11:21:46 - [TEST_STEP][PASSED] - closeBrowser: Browser is closed

2018-08-17 11:21:46 - [MESSAGE][PASSED] - Browser is closed]]></system-out>
         <system-err><![CDATA[]]></system-err>
      </testcase>
      <system-out><![CDATA[2018-08-17 11:21:16 - [TEST_SUITE][PASSED] - TestSuiteUseXlsxFile: Test Cases/Environments/TC1EnvUseXlsxFile]]></system-out>
      <system-err><![CDATA[]]></system-err>
   </testsuite>
</testsuites>
