<?xml version="1.0" encoding="UTF-8"?>
<testsuites name="TestSuiteWithExcelFile" time="20" tests="1" failures="0" errors="0">
   <testsuite name="TestSuiteWithExcelFile" tests="1" failures="0" errors="0" time="20" timestamp="2018-08-17 11:07:32" hostname="jessica vega - TDG-MBL-MTY0160.mshome.net" id="Test Suites/TestSuiteWithExcelFile">
      <properties>
         <property name="deviceName" value=""/>
         <property name="devicePlatform" value=""/>
         <property name="logFolder" value="C:\\Users\\jessica vega\\git\\KatalonGitTest\\Reports\\TestSuiteWithExcelFile\\20180817_110731"/>
         <property name="logFiles" value="C:\\Users\\jessica vega\\git\\KatalonGitTest\\Reports\\TestSuiteWithExcelFile\\20180817_110731\\execution0.log"/>
         <property name="attachments" value=""/>
         <property name="hostName" value="jessica vega - TDG-MBL-MTY0160.mshome.net"/>
         <property name="os" value="Windows 10 64bit"/>
         <property name="katalonVersion" value="5.6.0.1"/>
         <property name="browser" value="Chrome 68.0.3440.106"/>
         <property name="hostAddress" value="172.25.29.97"/>
         <property name="sessionId" value="5867d75052b9af8113358cff23615434"/>
         <property name="seleniumVersion" value="3.7.1"/>
         <property name="proxyInformation" value="ProxyInformation{proxyOption=NO_PROXY, proxyServerType=HTTP, password=, proxyServerAddress=, proxyServerPort=0}"/>
         <property name="platform" value="Windows 10"/>
      </properties>
      <testcase name="Test Cases/Environments/TC1EnvWithExcelFile" classname="Test Cases/Environments/TC1EnvWithExcelFile" status="PASSED">
         <system-out><![CDATA[2018-08-17 11:07:32 - [TEST_CASE][PASSED] - Test Cases/Environments/TC1EnvWithExcelFile: Test Cases/Environments/TC1EnvWithExcelFile

2018-08-17 11:07:33 - [TEST_STEP][PASSED] - openBrowser: Browser is opened with url: ''

2018-08-17 11:07:35 - [MESSAGE][PASSED] - Browser is opened with url: ''

2018-08-17 11:07:35 - [TEST_STEP][PASSED] - navigateToUrl: Navigate to 'https://s2.demo.opensourcecms.com/orangehrm/symfony/web/index.php/auth/login' successfully

2018-08-17 11:07:42 - [MESSAGE][PASSED] - Navigate to 'https://s2.demo.opensourcecms.com/orangehrm/symfony/web/index.php/auth/login' successfully

2018-08-17 11:07:42 - [TEST_STEP][PASSED] - setText: Text 'opensourcecms' is set on object 'Object Repository/OrangeHRCRM/Page_/input_txtUsername'

2018-08-17 11:07:42 - [MESSAGE][PASSED] - Text 'opensourcecms' is set on object 'Object Repository/OrangeHRCRM/Page_/input_txtUsername'

2018-08-17 11:07:42 - [TEST_STEP][PASSED] - setText: Text 'opensourcecms' is set on object 'Object Repository/OrangeHRCRM/Page_/input_txtPassword'

2018-08-17 11:07:42 - [MESSAGE][PASSED] - Text 'opensourcecms' is set on object 'Object Repository/OrangeHRCRM/Page_/input_txtPassword'

2018-08-17 11:07:42 - [TEST_STEP][PASSED] - click: Object: 'Object Repository/OrangeHRCRM/Page_/input_Submit' is clicked on

2018-08-17 11:07:45 - [MESSAGE][PASSED] - Object: 'Object Repository/OrangeHRCRM/Page_/input_Submit' is clicked on

2018-08-17 11:07:45 - [TEST_STEP][PASSED] - click: Object: 'Object Repository/OrangeHRCRM/Page_OrangeHRM/span_Admin' is clicked on

2018-08-17 11:07:48 - [MESSAGE][PASSED] - Object: 'Object Repository/OrangeHRCRM/Page_OrangeHRM/span_Admin' is clicked on

2018-08-17 11:07:48 - [TEST_STEP][PASSED] - click: Object: 'Object Repository/OrangeHRCRM/Page_OrangeHRM/span_Recruitment' is clicked on

2018-08-17 11:07:51 - [MESSAGE][PASSED] - Object: 'Object Repository/OrangeHRCRM/Page_OrangeHRM/span_Recruitment' is clicked on

2018-08-17 11:07:51 - [TEST_STEP][PASSED] - click: Object: 'Object Repository/OrangeHRCRM/Page_OrangeHRM/a_Logout' is clicked on

2018-08-17 11:07:52 - [MESSAGE][PASSED] - Object: 'Object Repository/OrangeHRCRM/Page_OrangeHRM/a_Logout' is clicked on

2018-08-17 11:07:52 - [TEST_STEP][PASSED] - closeBrowser: Browser is closed

2018-08-17 11:07:53 - [MESSAGE][PASSED] - Browser is closed]]></system-out>
         <system-err><![CDATA[]]></system-err>
      </testcase>
      <system-out><![CDATA[2018-08-17 11:07:32 - [TEST_SUITE][PASSED] - TestSuiteWithExcelFile: Test Cases/Environments/TC1EnvWithExcelFile]]></system-out>
      <system-err><![CDATA[]]></system-err>
   </testsuite>
</testsuites>
